Build started 6.7.2014 13:25:06.
     1>Project "G:\Knight Programları\1960 source\snoxd-koserver-masterlogin19xx\snoxd-koserver-master\src\shared\shared.vcxproj" on node 2 (Build target(s)).
     1>ClCompile:
         C:\Program Files (x86)\Microsoft Visual Studio 11.0\VC\bin\CL.exe /c /ZI /nologo /W3 /WX- /sdl /Od /Oy- /D "WIN32" /D "_WIN32" /D _MBCS /D "_CRT_SECURE_NO_WARNINGS" /D _MBCS /Gm /EHsc /RTC1 /MTd /GS /fp:precise /Zc:wchar_t /Zc:forScope /Yu"stdafx.h" /Fp"Debug\shared.pch" /Fo"Debug\\" /Fd"Debug\vc110.pdb" /Gd /TP /analyze- /errorReport:prompt crc32.cpp lzf.cpp
         lzf.cpp
     1>g:\knight programları\1960 source\snoxd-koserver-masterlogin19xx\snoxd-koserver-master\src\shared\lzf.cpp(297): fatal error C1010: unexpected end of file while looking for precompiled header. Did you forget to add '#include "stdafx.h"' to your source?
         crc32.cpp
     1>g:\knight programları\1960 source\snoxd-koserver-masterlogin19xx\snoxd-koserver-master\src\shared\crc32.cpp(129): fatal error C1010: unexpected end of file while looking for precompiled header. Did you forget to add '#include "stdafx.h"' to your source?
         Generating Code...
     1>Done Building Project "G:\Knight Programları\1960 source\snoxd-koserver-masterlogin19xx\snoxd-koserver-master\src\shared\shared.vcxproj" (Build target(s)) -- FAILED.

Build FAILED.

Time Elapsed 00:00:00.17
